app/build/outputs/logs/manifest-merger-release-report.txt
-- Merging decision tree log ---
manifest
ADDED from src/main/AndroidManifest.xml:2:1-193:12
INJECTED from src/main/AndroidManifest.xml:2:1-193:12
INJECTED from src/main/AndroidManifest.xml:2:1-193:12
INJECTED from src/main/AndroidManifest.xml:2:1-193:12
MERGED from [q.rorbin:badgeview:1.1.3] AndroidManifest.xml:2:1-13:12
MERGED from [com.android.support:design:27.1.1] AndroidManifest.xml:17:1-22:12
MERGED from [com.firebaseui:firebase-ui-database:1.1.1] AndroidManifest.xml:2:1-19:12
MERGED from [pub.devrel:easypermissions:1.1.3] AndroidManifest.xml:2:1-19:12
MERGED from [ja.burhanrashid52:photoeditor:0.3.3] AndroidManifest.xml:2:1-16:12
MERGED from [com.android.support:appcompat-v7:27.1.1] AndroidManifest.xml:17:1-22:12
MERGED from [io.reactivex.rxjava2:rxandroid:2.0.1] AndroidManifest.xml:15:1-21:12
MERGED from [id.zelory:compressor:2.0.0] AndroidManifest.xml:2:1-12:12
MERGED from [com.android.support.constraint:constraint-layout:1.0.2] AndroidManifest.xml:2:1-11:12
MERGED from [com.google.firebase:firebase-auth:11.0.4] AndroidManifest.xml:16:1-21:12
MERGED from [com.commit451:PhotoView:1.2.4] AndroidManifest.xml:2:1-12:12
MERGED from [com.google.firebase:firebase-database:11.0.4] AndroidManifest.xml:2:1-4:12
MERGED from [com.google.firebase:firebase-storage:11.0.4] AndroidManifest.xml:2:1-4:12
MERGED from [com.google.firebase:firebase-messaging:11.0.4] AndroidManifest.xml:16:1-30:12
MERGED from [com.google.android.gms:play-services-base:11.0.4] AndroidManifest.xml:16:1-21:12
MERGED from [com.google.firebase:firebase-database-connection:11.0.4] AndroidManifest.xml:2:1-4:12
MERGED from [com.google.firebase:firebase-core:11.0.4] AndroidManifest.xml:2:1-6:12
MERGED from [com.google.firebase:firebase-analytics:11.0.4] AndroidManifest.xml:16:1-35:12
MERGED from [com.google.firebase:firebase-analytics-impl:11.0.4] AndroidManifest.xml:16:1-29:12
MERGED from [com.google.firebase:firebase-iid:11.0.4] AndroidManifest.xml:16:1-50:12
MERGED from [com.google.firebase:firebase-common:11.0.4] AndroidManifest.xml:2:1-8:12
MERGED from [com.google.android.gms:play-services-tasks:11.0.4] AndroidManifest.xml:2:1-5:12
MERGED from [com.google.firebase:firebase-storage-common:11.0.4] AndroidManifest.xml:2:1-4:12
MERGED from [com.google.android.gms:play-services-basement:11.0.4] AndroidManifest.xml:16:1-23:12
MERGED from [com.android.support:support-v13:27.1.1] AndroidManifest.xml:17:1-22:12
MERGED from [com.android.support:support-v4:27.1.1] AndroidManifest.xml:17:1-22:12
MERGED from [com.amitshekhar.android:android-networking:1.0.0] AndroidManifest.xml:18:1-27:12
MERGED from [com.android.support:support-fragment:27.1.1] AndroidManifest.xml:17:1-22:12
MERGED from [com.android.support:animated-vector-drawable:27.1.1] AndroidManifest.xml:17:1-22:12
MERGED from [com.android.support:recyclerview-v7:27.1.1] AndroidManifest.xml:17:1-22:12
MERGED from [com.android.support:support-core-ui:27.1.1] AndroidManifest.xml:17:1-22:12
MERGED from [com.android.support:support-core-utils:27.1.1] AndroidManifest.xml:17:1-22:12
MERGED from [com.android.support:support-vector-drawable:27.1.1] AndroidManifest.xml:17:1-22:12
MERGED from [com.android.support:transition:27.1.1] AndroidManifest.xml:17:1-22:12
MERGED from [com.android.support:support-media-compat:27.1.1] AndroidManifest.xml:17:1-22:12
MERGED from [com.android.support:support-compat:27.1.1] AndroidManifest.xml:17:1-22:12
MERGED from [android.arch.lifecycle:livedata-core:1.1.0] AndroidManifest.xml:17:1-22:12
MERGED from [android.arch.lifecycle:viewmodel:1.1.0] AndroidManifest.xml:17:1-22:12
MERGED from [android.arch.lifecycle:runtime:1.1.0] AndroidManifest.xml:17:1-22:12
MERGED from [android.arch.core:runtime:1.1.0] AndroidManifest.xml:17:1-22:12
INJECTED from src/main/AndroidManifest.xml:2:1-193:12
INJECTED from src/main/AndroidManifest.xml:2:1-193:12
INJECTED from src/main/AndroidManifest.xml:2:1-193:12
	package
		ADDED from src/main/AndroidManifest.xml:3:5-35
		INJECTED from src/main/AndroidManifest.xml
		INJECTED from src/main/AndroidManifest.xml
	android:versionName
		INJECTED from src/main/AndroidManifest.xml
		ADDED from src/main/AndroidManifest.xml:2:1-193:12
		INJECTED from src/main/AndroidManifest.xml
	android:versionCode
		INJECTED from src/main/AndroidManifest.xml
		ADDED from src/main/AndroidManifest.xml:2:1-193:12
		INJECTED from src/main/AndroidManifest.xml
	xmlns:android
		ADDED from src/main/AndroidManifest.xml:2:11-69
uses-feature#android.hardware.camera
ADDED from src/main/AndroidManifest.xml:5:5-60
	android:name
		ADDED from src/main/AndroidManifest.xml:5:19-57
uses-feature#android.hardware.microphone
ADDED from src/main/AndroidManifest.xml:6:5-88
	android:required
		ADDED from src/main/AndroidManifest.xml:6:62-85
	android:name
		ADDED from src/main/AndroidManifest.xml:6:19-61
uses-feature#android.hardware.camera.autofocus
ADDED from src/main/AndroidManifest.xml:7:5-70
	android:name
		ADDED from src/main/AndroidManifest.xml:7:19-67
uses-permission#android.permission.CAMERA
ADDED from src/main/AndroidManifest.xml:9:5-65
	android:name
		ADDED from src/main/AndroidManifest.xml:9:22-62
uses-permission#android.permission.RECORD_AUDIO
ADDED from src/main/AndroidManifest.xml:10:5-71
	android:name
		ADDED from src/main/AndroidManifest.xml:10:22-68
uses-permission#android.permission.ACCESS_NETWORK_STATE
ADDED from src/main/AndroidManifest.xml:11:5-79
MERGED from [com.google.firebase:firebase-analytics:11.0.4] AndroidManifest.xml:21:5-78
MERGED from [com.google.firebase:firebase-analytics:11.0.4] AndroidManifest.xml:21:5-78
MERGED from [com.google.firebase:firebase-analytics-impl:11.0.4] AndroidManifest.xml:21:5-78
MERGED from [com.google.firebase:firebase-analytics-impl:11.0.4] AndroidManifest.xml:21:5-78
MERGED from [com.google.firebase:firebase-iid:11.0.4] AndroidManifest.xml:19:5-78
MERGED from [com.google.firebase:firebase-iid:11.0.4] AndroidManifest.xml:19:5-78
	android:name
		ADDED from src/main/AndroidManifest.xml:11:22-76
uses-permission#android.permission.READ_EXTERNAL_STORAGE
ADDED from src/main/AndroidManifest.xml:12:5-80
	android:name
		ADDED from src/main/AndroidManifest.xml:12:22-77
uses-permission#android.permission.READ_INTERNAL_STORAGE
ADDED from src/main/AndroidManifest.xml:13:5-80
	android:name
		ADDED from src/main/AndroidManifest.xml:13:22-77
uses-permission#android.permission.WRITE_EXTERNAL_STORAGE
ADDED from src/main/AndroidManifest.xml:14:5-81
	android:name
		ADDED from src/main/AndroidManifest.xml:14:22-78
uses-permission#android.permission.INTERNET
ADDED from src/main/AndroidManifest.xml:15:5-67
MERGED from [com.firebaseui:firebase-ui-database:1.1.1] AndroidManifest.xml:11:5-67
MERGED from [com.firebaseui:firebase-ui-database:1.1.1] AndroidManifest.xml:11:5-67
MERGED from [com.google.firebase:firebase-analytics:11.0.4] AndroidManifest.xml:20:5-66
MERGED from [com.google.firebase:firebase-analytics:11.0.4] AndroidManifest.xml:20:5-66
MERGED from [com.google.firebase:firebase-analytics-impl:11.0.4] AndroidManifest.xml:20:5-66
MERGED from [com.google.firebase:firebase-analytics-impl:11.0.4] AndroidManifest.xml:20:5-66
MERGED from [com.google.firebase:firebase-iid:11.0.4] AndroidManifest.xml:20:5-66
MERGED from [com.google.firebase:firebase-iid:11.0.4] AndroidManifest.xml:20:5-66
	android:name
		ADDED from src/main/AndroidManifest.xml:15:22-64
uses-permission#android.permission.READ_CONTACTS
ADDED from src/main/AndroidManifest.xml:16:5-72
	android:name
		ADDED from src/main/AndroidManifest.xml:16:22-69
uses-permission#android.permission.CHANGE_NETWORK_STATE
ADDED from src/main/AndroidManifest.xml:20:5-79
	android:name
		ADDED from src/main/AndroidManifest.xml:20:22-76
uses-permission#android.permission.MODIFY_AUDIO_SETTINGS
ADDED from src/main/AndroidManifest.xml:21:5-80
	android:name
		ADDED from src/main/AndroidManifest.xml:21:22-77
uses-permission#android.permission.BLUETOOTH
ADDED from src/main/AndroidManifest.xml:22:5-68
	android:name
		ADDED from src/main/AndroidManifest.xml:22:22-65
uses-permission#android.permission.SET_ALARM
ADDED from src/main/AndroidManifest.xml:24:5-67
	android:name
		ADDED from src/main/AndroidManifest.xml:24:22-65
uses-permission#android.permission.WAKE_LOCK
ADDED from src/main/AndroidManifest.xml:25:5-67
MERGED from [com.google.firebase:firebase-analytics:11.0.4] AndroidManifest.xml:22:5-67
MERGED from [com.google.firebase:firebase-analytics:11.0.4] AndroidManifest.xml:22:5-67
MERGED from [com.google.firebase:firebase-analytics-impl:11.0.4] AndroidManifest.xml:22:5-67
MERGED from [com.google.firebase:firebase-analytics-impl:11.0.4] AndroidManifest.xml:22:5-67
MERGED from [com.google.firebase:firebase-iid:11.0.4] AndroidManifest.xml:21:5-67
MERGED from [com.google.firebase:firebase-iid:11.0.4] AndroidManifest.xml:21:5-67
	android:name
		ADDED from src/main/AndroidManifest.xml:25:22-65
uses-permission#android.permission.RECEIVE_BOOT_COMPLETED
ADDED from src/main/AndroidManifest.xml:26:5-80
	android:name
		ADDED from src/main/AndroidManifest.xml:26:22-78
uses-permission#android.permission.USE_SIP
ADDED from src/main/AndroidManifest.xml:29:5-66
	android:name
		ADDED from src/main/AndroidManifest.xml:29:22-63
uses-permission#android.permission.VIBRATE
ADDED from src/main/AndroidManifest.xml:32:1-62
	android:name
		ADDED from src/main/AndroidManifest.xml:32:18-59
uses-permission#android.permission.ACCESS_WIFI_STATE
ADDED from src/main/AndroidManifest.xml:33:1-72
	android:name
		ADDED from src/main/AndroidManifest.xml:33:18-69
application
ADDED from src/main/AndroidManifest.xml:37:5-191:19
MERGED from [q.rorbin:badgeview:1.1.3] AndroidManifest.xml:11:5-20
MERGED from [q.rorbin:badgeview:1.1.3] AndroidManifest.xml:11:5-20
MERGED from [com.firebaseui:firebase-ui-database:1.1.1] AndroidManifest.xml:13:5-17:19
MERGED from [com.firebaseui:firebase-ui-database:1.1.1] AndroidManifest.xml:13:5-17:19
MERGED from [pub.devrel:easypermissions:1.1.3] AndroidManifest.xml:11:5-17:19
MERGED from [pub.devrel:easypermissions:1.1.3] AndroidManifest.xml:11:5-17:19
MERGED from [ja.burhanrashid52:photoeditor:0.3.3] AndroidManifest.xml:11:5-14:38
MERGED from [ja.burhanrashid52:photoeditor:0.3.3] AndroidManifest.xml:11:5-14:38
MERGED from [com.android.support.constraint:constraint-layout:1.0.2] AndroidManifest.xml:9:5-20
MERGED from [com.android.support.constraint:constraint-layout:1.0.2] AndroidManifest.xml:9:5-20
MERGED from [com.google.firebase:firebase-auth:11.0.4] AndroidManifest.xml:19:5-20:19
MERGED from [com.google.firebase:firebase-auth:11.0.4] AndroidManifest.xml:19:5-20:19
MERGED from [com.google.firebase:firebase-messaging:11.0.4] AndroidManifest.xml:19:5-29:19
MERGED from [com.google.firebase:firebase-messaging:11.0.4] AndroidManifest.xml:19:5-29:19
MERGED from [com.google.android.gms:play-services-base:11.0.4] AndroidManifest.xml:18:5-20:19
MERGED from [com.google.android.gms:play-services-base:11.0.4] AndroidManifest.xml:18:5-20:19
MERGED from [com.google.firebase:firebase-core:11.0.4] AndroidManifest.xml:5:5-20
MERGED from [com.google.firebase:firebase-core:11.0.4] AndroidManifest.xml:5:5-20
MERGED from [com.google.firebase:firebase-analytics:11.0.4] AndroidManifest.xml:24:5-34:19
MERGED from [com.google.firebase:firebase-analytics:11.0.4] AndroidManifest.xml:24:5-34:19
MERGED from [com.google.firebase:firebase-analytics-impl:11.0.4] AndroidManifest.xml:24:5-28:19
MERGED from [com.google.firebase:firebase-analytics-impl:11.0.4] AndroidManifest.xml:24:5-28:19
MERGED from [com.google.firebase:firebase-iid:11.0.4] AndroidManifest.xml:28:5-49:19
MERGED from [com.google.firebase:firebase-iid:11.0.4] AndroidManifest.xml:28:5-49:19
MERGED from [com.google.firebase:firebase-common:11.0.4] AndroidManifest.xml:4:5-7:19
MERGED from [com.google.firebase:firebase-common:11.0.4] AndroidManifest.xml:4:5-7:19
MERGED from [com.google.android.gms:play-services-tasks:11.0.4] AndroidManifest.xml:4:5-19
MERGED from [com.google.android.gms:play-services-tasks:11.0.4] AndroidManifest.xml:4:5-19
MERGED from [com.google.android.gms:play-services-basement:11.0.4] AndroidManifest.xml:19:5-21:19
MERGED from [com.google.android.gms:play-services-basement:11.0.4] AndroidManifest.xml:19:5-21:19
	android:supportsRtl
		ADDED from src/main/AndroidManifest.xml:43:9-35
	android:label
		ADDED from src/main/AndroidManifest.xml:41:9-41
	android:roundIcon
		ADDED from src/main/AndroidManifest.xml:42:9-54
	android:icon
		ADDED from src/main/AndroidManifest.xml:40:9-43
	android:allowBackup
		ADDED from src/main/AndroidManifest.xml:39:9-35
	android:theme
		ADDED from src/main/AndroidManifest.xml:44:9-40
	android:name
		ADDED from src/main/AndroidManifest.xml:38:9-33
activity#global.imas.bintouch.MainActivity
ADDED from src/main/AndroidManifest.xml:45:9-51:20
	android:name
		ADDED from src/main/AndroidManifest.xml:45:19-47
intent-filter#action:name:android.intent.action.MAIN+category:name:android.intent.category.LAUNCHER
ADDED from src/main/AndroidManifest.xml:46:13-50:29
action#android.intent.action.MAIN
ADDED from src/main/AndroidManifest.xml:47:17-69
	android:name
		ADDED from src/main/AndroidManifest.xml:47:25-66
category#android.intent.category.LAUNCHER
ADDED from src/main/AndroidManifest.xml:49:17-77
	android:name
		ADDED from src/main/AndroidManifest.xml:49:27-74
service#global.imas.bintouch.MyFirebaseMessagingService
ADDED from src/main/AndroidManifest.xml:53:9-57:19
	android:name
		ADDED from src/main/AndroidManifest.xml:53:18-60
intent-filter#action:name:com.google.firebase.MESSAGING_EVENT
ADDED from src/main/AndroidManifest.xml:54:13-56:29
action#com.google.firebase.MESSAGING_EVENT
ADDED from src/main/AndroidManifest.xml:55:17-78
	android:name
		ADDED from src/main/AndroidManifest.xml:55:25-75
service#global.imas.bintouch.MyFirebaseInstanceIDService
ADDED from src/main/AndroidManifest.xml:58:9-62:19
	android:name
		ADDED from src/main/AndroidManifest.xml:58:18-61
intent-filter#action:name:com.google.firebase.INSTANCE_ID_EVENT
ADDED from src/main/AndroidManifest.xml:59:13-61:29
action#com.google.firebase.INSTANCE_ID_EVENT
ADDED from src/main/AndroidManifest.xml:60:17-80
	android:name
		ADDED from src/main/AndroidManifest.xml:60:25-77
activity#global.imas.bintouch.StartActivity
ADDED from src/main/AndroidManifest.xml:64:9-51
	android:name
		ADDED from src/main/AndroidManifest.xml:64:19-48
activity#global.imas.bintouch.CallActivity
ADDED from src/main/AndroidManifest.xml:65:9-67:60
	android:parentActivityName
		ADDED from src/main/AndroidManifest.xml:67:13-57
	android:name
		ADDED from src/main/AndroidManifest.xml:66:13-41
activity#global.imas.bintouch.WalkieTalkieActivity
ADDED from src/main/AndroidManifest.xml:68:9-70:15
	android:name
		ADDED from src/main/AndroidManifest.xml:69:13-49
activity#global.imas.bintouch.SipSettings
ADDED from src/main/AndroidManifest.xml:71:9-73:15
	android:name
		ADDED from src/main/AndroidManifest.xml:72:13-40
activity#global.imas.bintouch.AppRTCMainActivity
ADDED from src/main/AndroidManifest.xml:74:9-76:60
	android:parentActivityName
		ADDED from src/main/AndroidManifest.xml:76:13-57
	android:name
		ADDED from src/main/AndroidManifest.xml:75:13-47
activity#global.imas.bintouch.RegisterActivity
ADDED from src/main/AndroidManifest.xml:77:9-79:59
	android:parentActivityName
		ADDED from src/main/AndroidManifest.xml:79:13-56
	android:name
		ADDED from src/main/AndroidManifest.xml:78:13-45
activity#global.imas.bintouch.LoginActivity
ADDED from src/main/AndroidManifest.xml:80:9-82:59
	android:parentActivityName
		ADDED from src/main/AndroidManifest.xml:82:13-56
	android:name
		ADDED from src/main/AndroidManifest.xml:81:13-42
activity#global.imas.bintouch.SettingsActivity
ADDED from src/main/AndroidManifest.xml:83:9-85:58
	android:parentActivityName
		ADDED from src/main/AndroidManifest.xml:85:13-55
	android:name
		ADDED from src/main/AndroidManifest.xml:84:13-45
activity#global.imas.bintouch.StatusActivity
ADDED from src/main/AndroidManifest.xml:86:9-88:62
	android:parentActivityName
		ADDED from src/main/AndroidManifest.xml:88:13-59
	android:name
		ADDED from src/main/AndroidManifest.xml:87:13-43
activity#global.imas.bintouch.UsersActivity
ADDED from src/main/AndroidManifest.xml:89:9-91:58
	android:parentActivityName
		ADDED from src/main/AndroidManifest.xml:91:13-55
	android:name
		ADDED from src/main/AndroidManifest.xml:90:13-42
activity#global.imas.bintouch.ProfileActivity
ADDED from src/main/AndroidManifest.xml:92:9-94:59
	android:parentActivityName
		ADDED from src/main/AndroidManifest.xml:94:13-56
	android:name
		ADDED from src/main/AndroidManifest.xml:93:13-44
activity#global.imas.bintouch.activity_chats
ADDED from src/main/AndroidManifest.xml:95:9-97:58
	android:parentActivityName
		ADDED from src/main/AndroidManifest.xml:97:13-55
	android:name
		ADDED from src/main/AndroidManifest.xml:96:13-43
activity#global.imas.bintouch.calls
ADDED from src/main/AndroidManifest.xml:98:9-100:58
	android:parentActivityName
		ADDED from src/main/AndroidManifest.xml:100:13-55
	android:name
		ADDED from src/main/AndroidManifest.xml:99:13-34
activity#global.imas.bintouch.contacts
ADDED from src/main/AndroidManifest.xml:101:9-103:58
	android:parentActivityName
		ADDED from src/main/AndroidManifest.xml:103:13-55
	android:name
		ADDED from src/main/AndroidManifest.xml:102:13-37
activity#global.imas.bintouch.delayedmsg
ADDED from src/main/AndroidManifest.xml:104:9-106:58
	android:parentActivityName
		ADDED from src/main/AndroidManifest.xml:106:13-55
	android:name
		ADDED from src/main/AndroidManifest.xml:105:13-39
activity#global.imas.bintouch.autoreply
ADDED from src/main/AndroidManifest.xml:107:9-109:58
	android:parentActivityName
		ADDED from src/main/AndroidManifest.xml:109:13-55
	android:name
		ADDED from src/main/AndroidManifest.xml:108:13-38
activity#global.imas.bintouch.diver
ADDED from src/main/AndroidManifest.xml:110:9-112:58
	android:parentActivityName
		ADDED from src/main/AndroidManifest.xml:112:13-55
	android:name
		ADDED from src/main/AndroidManifest.xml:111:13-34
activity#global.imas.bintouch.settings
ADDED from src/main/AndroidManifest.xml:113:9-115:58
	android:parentActivityName
		ADDED from src/main/AndroidManifest.xml:115:13-55
	android:name
		ADDED from src/main/AndroidManifest.xml:114:13-37
activity#global.imas.bintouch.profiles
ADDED from src/main/AndroidManifest.xml:116:9-118:54
	android:parentActivityName
		ADDED from src/main/AndroidManifest.xml:118:13-51
	android:name
		ADDED from src/main/AndroidManifest.xml:117:13-37
activity#global.imas.bintouch.profilePubicAndFriends
ADDED from src/main/AndroidManifest.xml:119:9-121:54
	android:parentActivityName
		ADDED from src/main/AndroidManifest.xml:121:13-51
	android:name
		ADDED from src/main/AndroidManifest.xml:120:13-51
activity#global.imas.bintouch.profileSpecific
ADDED from src/main/AndroidManifest.xml:122:9-124:54
	android:parentActivityName
		ADDED from src/main/AndroidManifest.xml:124:13-51
	android:name
		ADDED from src/main/AndroidManifest.xml:123:13-44
activity#global.imas.bintouch.delayedmsg_add
ADDED from src/main/AndroidManifest.xml:125:9-127:58
	android:parentActivityName
		ADDED from src/main/AndroidManifest.xml:127:13-55
	android:name
		ADDED from src/main/AndroidManifest.xml:126:13-43
activity#global.imas.bintouch.autoreply_add
ADDED from src/main/AndroidManifest.xml:128:9-130:58
	android:parentActivityName
		ADDED from src/main/AndroidManifest.xml:130:13-55
	android:name
		ADDED from src/main/AndroidManifest.xml:129:13-42
activity#global.imas.bintouch.chatsettings
ADDED from src/main/AndroidManifest.xml:131:9-133:60
	android:parentActivityName
		ADDED from src/main/AndroidManifest.xml:133:13-57
	android:name
		ADDED from src/main/AndroidManifest.xml:132:13-41
activity#global.imas.bintouch.ProfileSeenByPublic
ADDED from src/main/AndroidManifest.xml:134:9-136:54
	android:parentActivityName
		ADDED from src/main/AndroidManifest.xml:136:13-51
	android:name
		ADDED from src/main/AndroidManifest.xml:135:13-48
activity#global.imas.bintouch.ProfileSeenByFriends
ADDED from src/main/AndroidManifest.xml:137:9-139:54
	android:parentActivityName
		ADDED from src/main/AndroidManifest.xml:139:13-51
	android:name
		ADDED from src/main/AndroidManifest.xml:138:13-49
activity#global.imas.bintouch.ProfileSeenBySpecifics
ADDED from src/main/AndroidManifest.xml:140:9-142:54
	android:parentActivityName
		ADDED from src/main/AndroidManifest.xml:142:13-51
	android:name
		ADDED from src/main/AndroidManifest.xml:141:13-51
activity#global.imas.bintouch.ProfileSeenBySpecificsAdd
ADDED from src/main/AndroidManifest.xml:143:9-145:68
	android:parentActivityName
		ADDED from src/main/AndroidManifest.xml:145:13-65
	android:name
		ADDED from src/main/AndroidManifest.xml:144:13-54
activity#global.imas.bintouch.ViewProfile
ADDED from src/main/AndroidManifest.xml:146:9-148:53
	android:parentActivityName
		ADDED from src/main/AndroidManifest.xml:148:13-50
	android:name
		ADDED from src/main/AndroidManifest.xml:147:13-40
activity#global.imas.bintouch.publics
ADDED from src/main/AndroidManifest.xml:149:9-151:58
	android:parentActivityName
		ADDED from src/main/AndroidManifest.xml:151:13-55
	android:name
		ADDED from src/main/AndroidManifest.xml:150:13-36
activity#global.imas.bintouch.chatList
ADDED from src/main/AndroidManifest.xml:152:9-154:58
	android:parentActivityName
		ADDED from src/main/AndroidManifest.xml:154:13-55
	android:name
		ADDED from src/main/AndroidManifest.xml:153:13-37
activity#global.imas.bintouch.ViewProfileFriends
ADDED from src/main/AndroidManifest.xml:155:9-157:58
	android:parentActivityName
		ADDED from src/main/AndroidManifest.xml:157:13-55
	android:name
		ADDED from src/main/AndroidManifest.xml:156:13-47
activity#global.imas.bintouch.Create_Account
ADDED from src/main/AndroidManifest.xml:158:9-160:55
	android:parentActivityName
		ADDED from src/main/AndroidManifest.xml:160:13-52
	android:name
		ADDED from src/main/AndroidManifest.xml:159:13-43
activity#global.imas.bintouch.Add_person_to_group
ADDED from src/main/AndroidManifest.xml:161:9-57
	android:name
		ADDED from src/main/AndroidManifest.xml:161:19-54
activity#global.imas.bintouch.secret
ADDED from src/main/AndroidManifest.xml:162:9-164:58
	android:parentActivityName
		ADDED from src/main/AndroidManifest.xml:164:13-55
	android:name
		ADDED from src/main/AndroidManifest.xml:163:13-35
activity#global.imas.bintouch.ReceivedCall
ADDED from src/main/AndroidManifest.xml:165:9-167:58
	android:parentActivityName
		ADDED from src/main/AndroidManifest.xml:167:13-55
	android:name
		ADDED from src/main/AndroidManifest.xml:166:13-41
activity#global.imas.bintouch.open_another_acount
ADDED from src/main/AndroidManifest.xml:168:9-170:58
	android:parentActivityName
		ADDED from src/main/AndroidManifest.xml:170:13-55
	android:name
		ADDED from src/main/AndroidManifest.xml:169:13-48
activity#global.imas.bintouch.edit_account
ADDED from src/main/AndroidManifest.xml:171:9-173:58
	android:parentActivityName
		ADDED from src/main/AndroidManifest.xml:173:13-55
	android:name
		ADDED from src/main/AndroidManifest.xml:172:13-41
activity#global.imas.bintouch.forward_msg
ADDED from src/main/AndroidManifest.xml:175:9-177:60
	android:parentActivityName
		ADDED from src/main/AndroidManifest.xml:177:13-57
	android:name
		ADDED from src/main/AndroidManifest.xml:176:13-40
activity#global.imas.bintouch.AddBlockPerson
ADDED from src/main/AndroidManifest.xml:178:9-180:62
	android:parentActivityName
		ADDED from src/main/AndroidManifest.xml:180:13-59
	android:name
		ADDED from src/main/AndroidManifest.xml:179:13-43
activity#global.imas.bintouch.ViewAndDeleteBlocked
ADDED from src/main/AndroidManifest.xml:181:9-183:62
	android:parentActivityName
		ADDED from src/main/AndroidManifest.xml:183:13-59
	android:name
		ADDED from src/main/AndroidManifest.xml:182:13-49
activity#global.imas.bintouch.GroupList
ADDED from src/main/AndroidManifest.xml:184:9-186:58
	android:parentActivityName
		ADDED from src/main/AndroidManifest.xml:186:13-55
	android:name
		ADDED from src/main/AndroidManifest.xml:185:13-38
activity#global.imas.bintouch.videocallwebview
ADDED from src/main/AndroidManifest.xml:187:9-188:70
	android:parentActivityName
		ADDED from src/main/AndroidManifest.xml:188:13-57
	android:name
		ADDED from src/main/AndroidManifest.xml:187:19-51
receiver#global.imas.bintouch.Receiver
ADDED from src/main/AndroidManifest.xml:190:9-56
	android:name
		ADDED from src/main/AndroidManifest.xml:190:20-44
uses-sdk
INJECTED from src/main/AndroidManifest.xml reason: use-sdk injection requested
INJECTED from src/main/AndroidManifest.xml
INJECTED from src/main/AndroidManifest.xml
MERGED from [q.rorbin:badgeview:1.1.3] AndroidManifest.xml:7:5-9:41
MERGED from [q.rorbin:badgeview:1.1.3] AndroidManifest.xml:7:5-9:41
MERGED from [com.android.support:design:27.1.1] AndroidManifest.xml:20:5-44
MERGED from [com.android.support:design:27.1.1] AndroidManifest.xml:20:5-44
MERGED from [com.firebaseui:firebase-ui-database:1.1.1] AndroidManifest.xml:7:5-9:41
MERGED from [com.firebaseui:firebase-ui-database:1.1.1] AndroidManifest.xml:7:5-9:41
MERGED from [pub.devrel:easypermissions:1.1.3] AndroidManifest.xml:7:5-9:41
MERGED from [pub.devrel:easypermissions:1.1.3] AndroidManifest.xml:7:5-9:41
MERGED from [ja.burhanrashid52:photoeditor:0.3.3] AndroidManifest.xml:7:5-9:41
MERGED from [ja.burhanrashid52:photoeditor:0.3.3] AndroidManifest.xml:7:5-9:41
MERGED from [com.android.support:appcompat-v7:27.1.1] AndroidManifest.xml:20:5-44
MERGED from [com.android.support:appcompat-v7:27.1.1] AndroidManifest.xml:20:5-44
MERGED from [io.reactivex.rxjava2:rxandroid:2.0.1] AndroidManifest.xml:19:5-43
MERGED from [io.reactivex.rxjava2:rxandroid:2.0.1] AndroidManifest.xml:19:5-43
MERGED from [id.zelory:compressor:2.0.0] AndroidManifest.xml:8:5-10:41
MERGED from [id.zelory:compressor:2.0.0] AndroidManifest.xml:8:5-10:41
MERGED from [com.android.support.constraint:constraint-layout:1.0.2] AndroidManifest.xml:5:5-7:41
MERGED from [com.android.support.constraint:constraint-layout:1.0.2] AndroidManifest.xml:5:5-7:41
MERGED from [com.google.firebase:firebase-auth:11.0.4] AndroidManifest.xml:17:5-43
MERGED from [com.google.firebase:firebase-auth:11.0.4] AndroidManifest.xml:17:5-43
MERGED from [com.commit451:PhotoView:1.2.4] AndroidManifest.xml:8:5-10:41
MERGED from [com.commit451:PhotoView:1.2.4] AndroidManifest.xml:8:5-10:41
MERGED from [com.google.firebase:firebase-database:11.0.4] AndroidManifest.xml:3:5-43
MERGED from [com.google.firebase:firebase-database:11.0.4] AndroidManifest.xml:3:5-43
MERGED from [com.google.firebase:firebase-storage:11.0.4] AndroidManifest.xml:3:5-43
MERGED from [com.google.firebase:firebase-storage:11.0.4] AndroidManifest.xml:3:5-43
MERGED from [com.google.firebase:firebase-messaging:11.0.4] AndroidManifest.xml:17:5-43
MERGED from [com.google.firebase:firebase-messaging:11.0.4] AndroidManifest.xml:17:5-43
MERGED from [com.google.android.gms:play-services-base:11.0.4] AndroidManifest.xml:17:5-43
MERGED from [com.google.android.gms:play-services-base:11.0.4] AndroidManifest.xml:17:5-43
MERGED from [com.google.firebase:firebase-database-connection:11.0.4] AndroidManifest.xml:3:5-43
MERGED from [com.google.firebase:firebase-database-connection:11.0.4] AndroidManifest.xml:3:5-43
MERGED from [com.google.firebase:firebase-core:11.0.4] AndroidManifest.xml:4:5-43
MERGED from [com.google.firebase:firebase-core:11.0.4] AndroidManifest.xml:4:5-43
MERGED from [com.google.firebase:firebase-analytics:11.0.4] AndroidManifest.xml:17:5-43
MERGED from [com.google.firebase:firebase-analytics:11.0.4] AndroidManifest.xml:17:5-43
MERGED from [com.google.firebase:firebase-analytics-impl:11.0.4] AndroidManifest.xml:17:5-43
MERGED from [com.google.firebase:firebase-analytics-impl:11.0.4] AndroidManifest.xml:17:5-43
MERGED from [com.google.firebase:firebase-iid:11.0.4] AndroidManifest.xml:17:5-43
MERGED from [com.google.firebase:firebase-iid:11.0.4] AndroidManifest.xml:17:5-43
MERGED from [com.google.firebase:firebase-common:11.0.4] AndroidManifest.xml:3:5-43
MERGED from [com.google.firebase:firebase-common:11.0.4] AndroidManifest.xml:3:5-43
MERGED from [com.google.android.gms:play-services-tasks:11.0.4] AndroidManifest.xml:3:5-43
MERGED from [com.google.android.gms:play-services-tasks:11.0.4] AndroidManifest.xml:3:5-43
MERGED from [com.google.firebase:firebase-storage-common:11.0.4] AndroidManifest.xml:3:5-43
MERGED from [com.google.firebase:firebase-storage-common:11.0.4] AndroidManifest.xml:3:5-43
MERGED from [com.google.android.gms:play-services-basement:11.0.4] AndroidManifest.xml:17:5-43
MERGED from [com.google.android.gms:play-services-basement:11.0.4] AndroidManifest.xml:17:5-43
MERGED from [com.android.support:support-v13:27.1.1] AndroidManifest.xml:20:5-44
MERGED from [com.android.support:support-v13:27.1.1] AndroidManifest.xml:20:5-44
MERGED from [com.android.support:support-v4:27.1.1] AndroidManifest.xml:20:5-44
MERGED from [com.android.support:support-v4:27.1.1] AndroidManifest.xml:20:5-44
MERGED from [com.amitshekhar.android:android-networking:1.0.0] AndroidManifest.xml:23:5-25:41
MERGED from [com.amitshekhar.android:android-networking:1.0.0] AndroidManifest.xml:23:5-25:41
MERGED from [com.android.support:support-fragment:27.1.1] AndroidManifest.xml:20:5-44
MERGED from [com.android.support:support-fragment:27.1.1] AndroidManifest.xml:20:5-44
MERGED from [com.android.support:animated-vector-drawable:27.1.1] AndroidManifest.xml:20:5-44
MERGED from [com.android.support:animated-vector-drawable:27.1.1] AndroidManifest.xml:20:5-44
MERGED from [com.android.support:recyclerview-v7:27.1.1] AndroidManifest.xml:20:5-44
MERGED from [com.android.support:recyclerview-v7:27.1.1] AndroidManifest.xml:20:5-44
MERGED from [com.android.support:support-core-ui:27.1.1] AndroidManifest.xml:20:5-44
MERGED from [com.android.support:support-core-ui:27.1.1] AndroidManifest.xml:20:5-44
MERGED from [com.android.support:support-core-utils:27.1.1] AndroidManifest.xml:20:5-44